22:24:43  [main] 	Initializing Control Panel
22:24:43  [main] 	Windows Version:  Home  64-bit
22:24:43  [main] 	XAMPP Version: 7.3.5
22:24:43  [main] 	Control Panel Version: 3.2.3  [ Compiled: Mar 7th 2019 ]
22:24:43  [main] 	You are not running with administrator rights! This will work for
22:24:43  [main] 	most application stuff but whenever you do something with services
22:24:43  [main] 	there will be a security dialogue or things will break! So think 
22:24:43  [main] 	about running this application with administrator rights!
22:24:43  [main] 	XAMPP Installation Directory: "c:\xampp\"
22:24:43  [main] 	Checking for prerequisites
22:24:45  [main] 	All prerequisites found
22:24:45  [main] 	Initializing Modules
22:24:45  [Apache] 	XAMPP Apache is already running on port 80
22:24:45  [Apache] 	XAMPP Apache is already running on port 443
22:24:45  [mysql] 	XAMPP MySQL is already running on port 3306
22:24:45  [Tomcat] 	Problem detected!
22:24:45  [Tomcat] 	Port 8080 in use by "C:\oraclexe\app\oracle\product\11.2.0\server\BIN\tnslsnr.exe"!
22:24:45  [Tomcat] 	Tomcat WILL NOT start without the configured ports free!
22:24:45  [Tomcat] 	You need to uninstall/disable/reconfigure the blocking application
22:24:45  [Tomcat] 	or reconfigure Tomcat and the Control Panel to listen on a different port
22:24:45  [main] 	Starting Check-Timer
22:24:45  [main] 	Control Panel Ready
22:33:05  [Apache] 	Status change detected: stopped
22:33:05  [Apache] 	Error: Apache shutdown unexpectedly.
22:33:05  [Apache] 	This may be due to a blocked port, missing dependencies, 
22:33:05  [Apache] 	improper privileges, a crash, or a shutdown by another method.
22:33:05  [Apache] 	Press the Logs button to view error logs and check
22:33:05  [Apache] 	the Windows Event Viewer for more clues
22:33:05  [Apache] 	If you need more help, copy and post this
22:33:05  [Apache] 	entire log window on the forums
22:33:07  [mysql] 	Status change detected: stopped
22:33:07  [mysql] 	Error: MySQL shutdown unexpectedly.
22:33:07  [mysql] 	This may be due to a blocked port, missing dependencies, 
22:33:07  [mysql] 	improper privileges, a crash, or a shutdown by another method.
22:33:07  [mysql] 	Press the Logs button to view error logs and check
22:33:07  [mysql] 	the Windows Event Viewer for more clues
22:33:07  [mysql] 	If you need more help, copy and post this
22:33:07  [mysql] 	entire log window on the forums
22:33:07  [main] 	Deinitializing Modules
22:33:07  [main] 	Deinitializing Control Panel

6:56:18  [main] 	Initializing Control Panel
6:56:18  [main] 	Windows Version:  Home  64-bit
6:56:18  [main] 	XAMPP Version: 7.3.5
6:56:18  [main] 	Control Panel Version: 3.2.3  [ Compiled: Mar 7th 2019 ]
6:56:18  [main] 	You are not running with administrator rights! This will work for
6:56:18  [main] 	most application stuff but whenever you do something with services
6:56:18  [main] 	there will be a security dialogue or things will break! So think 
6:56:18  [main] 	about running this application with administrator rights!
6:56:18  [main] 	XAMPP Installation Directory: "c:\xampp\"
6:56:18  [main] 	Checking for prerequisites
6:56:20  [main] 	All prerequisites found
6:56:20  [main] 	Initializing Modules
6:56:20  [Apache] 	XAMPP Apache is already running on port 80
6:56:20  [Apache] 	XAMPP Apache is already running on port 443
6:56:20  [mysql] 	XAMPP MySQL is already running on port 3306
6:56:20  [Tomcat] 	Problem detected!
6:56:20  [Tomcat] 	Port 8080 in use by "C:\oraclexe\app\oracle\product\11.2.0\server\BIN\tnslsnr.exe"!
6:56:20  [Tomcat] 	Tomcat WILL NOT start without the configured ports free!
6:56:20  [Tomcat] 	You need to uninstall/disable/reconfigure the blocking application
6:56:20  [Tomcat] 	or reconfigure Tomcat and the Control Panel to listen on a different port
6:56:20  [main] 	Starting Check-Timer
6:56:20  [main] 	Control Panel Ready
6:57:36  [Apache] 	Status change detected: stopped
6:57:36  [Apache] 	Error: Apache shutdown unexpectedly.
6:57:36  [Apache] 	This may be due to a blocked port, missing dependencies, 
6:57:36  [Apache] 	improper privileges, a crash, or a shutdown by another method.
6:57:36  [Apache] 	Press the Logs button to view error logs and check
6:57:36  [Apache] 	the Windows Event Viewer for more clues
6:57:36  [Apache] 	If you need more help, copy and post this
6:57:36  [Apache] 	entire log window on the forums
6:58:49  [Apache] 	Attempting to start Apache app...
6:58:49  [Apache] 	Status change detected: running
7:33:02  [main] 	Deinitializing Modules
7:33:02  [main] 	Deinitializing Control Panel

10:52:41  [main] 	Initializing Control Panel
10:52:41  [main] 	Windows Version:  Home  64-bit
10:52:41  [main] 	XAMPP Version: 7.3.5
10:52:41  [main] 	Control Panel Version: 3.2.3  [ Compiled: Mar 7th 2019 ]
10:52:41  [main] 	You are not running with administrator rights! This will work for
10:52:41  [main] 	most application stuff but whenever you do something with services
10:52:41  [main] 	there will be a security dialogue or things will break! So think 
10:52:41  [main] 	about running this application with administrator rights!
10:52:41  [main] 	XAMPP Installation Directory: "c:\xampp\"
10:52:41  [main] 	Checking for prerequisites
10:52:44  [main] 	All prerequisites found
10:52:44  [main] 	Initializing Modules
10:52:44  [Tomcat] 	Problem detected!
10:52:44  [Tomcat] 	Port 8080 in use by "C:\oraclexe\app\oracle\product\11.2.0\server\BIN\tnslsnr.exe"!
10:52:44  [Tomcat] 	Tomcat WILL NOT start without the configured ports free!
10:52:44  [Tomcat] 	You need to uninstall/disable/reconfigure the blocking application
10:52:44  [Tomcat] 	or reconfigure Tomcat and the Control Panel to listen on a different port
10:52:44  [main] 	Starting Check-Timer
10:52:44  [main] 	Control Panel Ready
10:52:52  [Apache] 	Status change detected: running
10:52:52  [mysql] 	Status change detected: running
10:55:24  [Apache] 	Status change detected: stopped
10:55:24  [Apache] 	Error: Apache shutdown unexpectedly.
10:55:24  [Apache] 	This may be due to a blocked port, missing dependencies, 
10:55:24  [Apache] 	improper privileges, a crash, or a shutdown by another method.
10:55:24  [Apache] 	Press the Logs button to view error logs and check
10:55:24  [Apache] 	the Windows Event Viewer for more clues
10:55:24  [Apache] 	If you need more help, copy and post this
10:55:24  [Apache] 	entire log window on the forums
10:55:34  [Apache] 	Status change detected: running
15:57:32  [Apache] 	Status change detected: stopped
15:57:32  [Apache] 	Error: Apache shutdown unexpectedly.
15:57:32  [Apache] 	This may be due to a blocked port, missing dependencies, 
15:57:32  [Apache] 	improper privileges, a crash, or a shutdown by another method.
15:57:32  [Apache] 	Press the Logs button to view error logs and check
15:57:32  [Apache] 	the Windows Event Viewer for more clues
15:57:32  [Apache] 	If you need more help, copy and post this
15:57:32  [Apache] 	entire log window on the forums
15:57:56  [mysql] 	Status change detected: stopped
15:57:56  [mysql] 	Error: MySQL shutdown unexpectedly.
15:57:56  [mysql] 	This may be due to a blocked port, missing dependencies, 
15:57:56  [mysql] 	improper privileges, a crash, or a shutdown by another method.
15:57:56  [mysql] 	Press the Logs button to view error logs and check
15:57:56  [mysql] 	the Windows Event Viewer for more clues
15:57:56  [mysql] 	If you need more help, copy and post this
15:57:56  [mysql] 	entire log window on the forums
15:57:56  [main] 	Deinitializing Modules
15:57:56  [main] 	Deinitializing Control Panel

17:28:28  [main] 	Initializing Control Panel
17:28:28  [main] 	Windows Version:  Home  64-bit
17:28:28  [main] 	XAMPP Version: 7.3.5
17:28:28  [main] 	Control Panel Version: 3.2.3  [ Compiled: Mar 7th 2019 ]
17:28:28  [main] 	You are not running with administrator rights! This will work for
17:28:28  [main] 	most application stuff but whenever you do something with services
17:28:28  [main] 	there will be a security dialogue or things will break! So think 
17:28:28  [main] 	about running this application with administrator rights!
17:28:28  [main] 	XAMPP Installation Directory: "c:\xampp\"
17:28:28  [main] 	Checking for prerequisites
17:28:31  [main] 	All prerequisites found
17:28:31  [main] 	Initializing Modules
17:28:31  [Apache] 	XAMPP Apache is already running on port 80
17:28:31  [Apache] 	XAMPP Apache is already running on port 443
17:28:31  [mysql] 	XAMPP MySQL is already running on port 3306
17:28:31  [Tomcat] 	Problem detected!
17:28:31  [Tomcat] 	Port 8080 in use by "C:\oraclexe\app\oracle\product\11.2.0\server\BIN\tnslsnr.exe"!
17:28:31  [Tomcat] 	Tomcat WILL NOT start without the configured ports free!
17:28:31  [Tomcat] 	You need to uninstall/disable/reconfigure the blocking application
17:28:31  [Tomcat] 	or reconfigure Tomcat and the Control Panel to listen on a different port
17:28:31  [main] 	Starting Check-Timer
17:28:31  [main] 	Control Panel Ready
0:48:02  [Apache] 	Status change detected: stopped
0:48:02  [Apache] 	Error: Apache shutdown unexpectedly.
0:48:02  [Apache] 	This may be due to a blocked port, missing dependencies, 
0:48:02  [Apache] 	improper privileges, a crash, or a shutdown by another method.
0:48:02  [Apache] 	Press the Logs button to view error logs and check
0:48:02  [Apache] 	the Windows Event Viewer for more clues
0:48:02  [Apache] 	If you need more help, copy and post this
0:48:02  [Apache] 	entire log window on the forums
0:48:02  [mysql] 	Status change detected: stopped
0:48:02  [mysql] 	Error: MySQL shutdown unexpectedly.
0:48:02  [mysql] 	This may be due to a blocked port, missing dependencies, 
0:48:02  [mysql] 	improper privileges, a crash, or a shutdown by another method.
0:48:02  [mysql] 	Press the Logs button to view error logs and check
0:48:02  [mysql] 	the Windows Event Viewer for more clues
0:48:02  [mysql] 	If you need more help, copy and post this
0:48:02  [mysql] 	entire log window on the forums
0:48:07  [main] 	Deinitializing Modules
0:48:07  [main] 	Deinitializing Control Panel

21:45:23  [main] 	Initializing Control Panel
21:45:23  [main] 	Windows Version:  Home  64-bit
21:45:23  [main] 	XAMPP Version: 7.3.5
21:45:23  [main] 	Control Panel Version: 3.2.3  [ Compiled: Mar 7th 2019 ]
21:45:23  [main] 	You are not running with administrator rights! This will work for
21:45:23  [main] 	most application stuff but whenever you do something with services
21:45:23  [main] 	there will be a security dialogue or things will break! So think 
21:45:23  [main] 	about running this application with administrator rights!
21:45:23  [main] 	XAMPP Installation Directory: "c:\xampp\"
21:45:23  [main] 	Checking for prerequisites
21:45:24  [main] 	All prerequisites found
21:45:24  [main] 	Initializing Modules
21:45:24  [Apache] 	XAMPP Apache is already running on port 80
21:45:24  [Apache] 	XAMPP Apache is already running on port 443
21:45:24  [mysql] 	XAMPP MySQL is already running on port 3306
21:45:24  [Tomcat] 	Problem detected!
21:45:24  [Tomcat] 	Port 8080 in use by "C:\oraclexe\app\oracle\product\11.2.0\server\BIN\tnslsnr.exe"!
21:45:24  [Tomcat] 	Tomcat WILL NOT start without the configured ports free!
21:45:24  [Tomcat] 	You need to uninstall/disable/reconfigure the blocking application
21:45:24  [Tomcat] 	or reconfigure Tomcat and the Control Panel to listen on a different port
21:45:24  [main] 	Starting Check-Timer
21:45:24  [main] 	Control Panel Ready
21:45:34  [main] 	Deinitializing Modules
21:45:34  [main] 	Deinitializing Control Panel

12:06:15  [main] 	Initializing Control Panel
12:06:15  [main] 	Windows Version:  Home  64-bit
12:06:15  [main] 	XAMPP Version: 7.3.5
12:06:15  [main] 	Control Panel Version: 3.2.3  [ Compiled: Mar 7th 2019 ]
12:06:15  [main] 	You are not running with administrator rights! This will work for
12:06:15  [main] 	most application stuff but whenever you do something with services
12:06:15  [main] 	there will be a security dialogue or things will break! So think 
12:06:15  [main] 	about running this application with administrator rights!
12:06:15  [main] 	XAMPP Installation Directory: "c:\xampp\"
12:06:15  [main] 	Checking for prerequisites
12:06:16  [main] 	All prerequisites found
12:06:16  [main] 	Initializing Modules
12:06:16  [Apache] 	XAMPP Apache is already running on port 80
12:06:16  [Apache] 	XAMPP Apache is already running on port 443
12:06:16  [mysql] 	XAMPP MySQL is already running on port 3306
12:06:16  [Tomcat] 	Problem detected!
12:06:16  [Tomcat] 	Port 8080 in use by "C:\oraclexe\app\oracle\product\11.2.0\server\BIN\tnslsnr.exe"!
12:06:16  [Tomcat] 	Tomcat WILL NOT start without the configured ports free!
12:06:16  [Tomcat] 	You need to uninstall/disable/reconfigure the blocking application
12:06:16  [Tomcat] 	or reconfigure Tomcat and the Control Panel to listen on a different port
12:06:16  [main] 	Starting Check-Timer
12:06:16  [main] 	Control Panel Ready
12:11:12  [Apache] 	Attempting to stop Apache (PID: 5252)
12:11:12  [Apache] 	Attempting to stop Apache (PID: 2936)
12:11:12  [Apache] 	Status change detected: stopped
12:11:12  [mysql] 	Attempting to stop MySQL app...
12:11:13  [mysql] 	Status change detected: stopped
13:28:49  [Apache] 	Attempting to start Apache app...
13:28:49  [Apache] 	Status change detected: running
13:28:50  [mysql] 	Attempting to start MySQL app...
13:28:50  [mysql] 	Status change detected: running
13:34:29  [main] 	Deinitializing Modules
13:34:29  [main] 	Deinitializing Control Panel

15:49:22  [main] 	Initializing Control Panel
15:49:22  [main] 	Windows Version:  Home  64-bit
15:49:22  [main] 	XAMPP Version: 7.3.5
15:49:22  [main] 	Control Panel Version: 3.2.3  [ Compiled: Mar 7th 2019 ]
15:49:22  [main] 	You are not running with administrator rights! This will work for
15:49:22  [main] 	most application stuff but whenever you do something with services
15:49:22  [main] 	there will be a security dialogue or things will break! So think 
15:49:22  [main] 	about running this application with administrator rights!
15:49:22  [main] 	XAMPP Installation Directory: "c:\xampp\"
15:49:22  [main] 	Checking for prerequisites
15:49:25  [main] 	All prerequisites found
15:49:25  [main] 	Initializing Modules
15:49:25  [Apache] 	XAMPP Apache is already running on port 80
15:49:25  [Apache] 	XAMPP Apache is already running on port 443
15:49:25  [mysql] 	XAMPP MySQL is already running on port 3306
15:49:25  [Tomcat] 	Problem detected!
15:49:25  [Tomcat] 	Port 8080 in use by "C:\oraclexe\app\oracle\product\11.2.0\server\BIN\tnslsnr.exe"!
15:49:25  [Tomcat] 	Tomcat WILL NOT start without the configured ports free!
15:49:25  [Tomcat] 	You need to uninstall/disable/reconfigure the blocking application
15:49:25  [Tomcat] 	or reconfigure Tomcat and the Control Panel to listen on a different port
15:49:25  [main] 	Starting Check-Timer
15:49:25  [main] 	Control Panel Ready
15:50:31  [Apache] 	Attempting to stop Apache (PID: 3776)
15:50:31  [Apache] 	Attempting to stop Apache (PID: 12920)
15:50:32  [Apache] 	Status change detected: stopped
15:50:33  [Apache] 	Attempting to start Apache app...
15:50:33  [Apache] 	Status change detected: running
21:13:02  [mysql] 	Status change detected: stopped
21:13:02  [mysql] 	Error: MySQL shutdown unexpectedly.
21:13:02  [mysql] 	This may be due to a blocked port, missing dependencies, 
21:13:02  [mysql] 	improper privileges, a crash, or a shutdown by another method.
21:13:02  [mysql] 	Press the Logs button to view error logs and check
21:13:02  [mysql] 	the Windows Event Viewer for more clues
21:13:02  [mysql] 	If you need more help, copy and post this
21:13:02  [mysql] 	entire log window on the forums
21:13:07  [main] 	Deinitializing Modules
21:13:07  [main] 	Deinitializing Control Panel

